<?xml version="1.0" encoding="UTF-8"?>
<!-- Generated by org.testng.reporters.JUnitReportReporter -->
<testsuite hostname="LAPTOP-SDLQ3M27" failures="0" tests="1" name="COM.SELENIUM.TOPICS._26_Scrolling" time="14.183" errors="0" timestamp="2021-01-13T13:29:27 IST" skipped="0">
  <testcase classname="COM.SELENIUM.TOPICS._26_Scrolling" name="Invoke_Browser" time="14.183"/>
  <system-out/>
</testsuite> <!-- COM.SELENIUM.TOPICS._26_Scrolling -->
