<?xml version="1.0" encoding="UTF-8"?>
<!-- Generated by org.testng.reporters.JUnitReportReporter -->
<testsuite hostname="LAPTOP-SDLQ3M27" failures="0" tests="1" name="COM.SELENIUM.TOPICS._24_LinksCount" time="10.466" errors="0" timestamp="2021-01-15T18:15:13 IST" skipped="0">
  <testcase classname="COM.SELENIUM.TOPICS._24_LinksCount" name="Links_Count" time="10.466"/>
  <system-out/>
</testsuite> <!-- COM.SELENIUM.TOPICS._24_LinksCount -->
