<?xml version="1.0" encoding="UTF-8"?>
<!-- Generated by org.testng.reporters.JUnitReportReporter -->
<testsuite skipped="0" hostname="LAPTOP-SDLQ3M27" name="COM.SELENIUM.TOPICS._50_Xpath" tests="1" failures="0" timestamp="2021-02-08T23:18:43 IST" time="36.038" errors="0">
  <testcase name="XapthFunctions" time="36.038" classname="COM.SELENIUM.TOPICS._50_Xpath"/>
  <system-out/>
</testsuite> <!-- COM.SELENIUM.TOPICS._50_Xpath -->
