<?xml version="1.0" encoding="UTF-8"?>
<!-- Generated by org.testng.reporters.JUnitReportReporter -->
<testsuite hostname="LAPTOP-SDLQ3M27" failures="0" tests="1" name="COM.SELENIUM.TOPICS.Alerts" time="19.961" errors="0" timestamp="2021-01-11T13:34:04 IST" skipped="0">
  <testcase classname="COM.SELENIUM.TOPICS.Alerts" name="Alert" time="19.961"/>
  <system-out/>
</testsuite> <!-- COM.SELENIUM.TOPICS.Alerts -->
