<?xml version="1.0" encoding="UTF-8"?>
<!-- Generated by org.testng.reporters.JUnitReportReporter -->
<testsuite skipped="0" hostname="LAPTOP-SDLQ3M27" name="COM.SELENIUM.TOPICS._12_GetSize" tests="1" failures="0" timestamp="2021-02-15T13:37:30 IST" time="8.604" errors="0">
  <testcase name="Implicit_Wait" time="8.604" classname="COM.SELENIUM.TOPICS._12_GetSize"/>
  <system-out/>
</testsuite> <!-- COM.SELENIUM.TOPICS._12_GetSize -->
