<?xml version="1.0" encoding="UTF-8"?>
<!-- Generated by org.testng.reporters.JUnitReportReporter -->
<testsuite hostname="LAPTOP-SDLQ3M27" failures="0" tests="1" name="COM.SELENIUM.TOPICS.GetTagName" time="7.253" errors="0" timestamp="2021-01-10T19:16:49 IST" skipped="0">
  <testcase classname="COM.SELENIUM.TOPICS.GetTagName" name="Get_WebElement_TagName" time="7.253"/>
  <system-out/>
</testsuite> <!-- COM.SELENIUM.TOPICS.GetTagName -->
