<?xml version="1.0" encoding="UTF-8"?>
<!-- Generated by org.testng.reporters.JUnitReportReporter -->
<testsuite hostname="LAPTOP-SDLQ3M27" failures="0" tests="1" name="COM.SELENIUM.TOPICS._35_ToolTip" time="8.900" errors="0" timestamp="2021-01-17T18:01:47 IST" skipped="0">
  <testcase classname="COM.SELENIUM.TOPICS._35_ToolTip" name="ToolTip" time="8.900"/>
  <system-out/>
</testsuite> <!-- COM.SELENIUM.TOPICS._35_ToolTip -->
