<?xml version="1.0" encoding="UTF-8"?>
<!-- Generated by org.testng.reporters.JUnitReportReporter -->
<testsuite hostname="LAPTOP-SDLQ3M27" failures="0" tests="3" name="COM.SELENIUM.TOPICS._38_TestNGDependOnMethods" time="0.013" errors="0" timestamp="2021-01-20T21:38:28 IST" skipped="0">
  <testcase classname="COM.SELENIUM.TOPICS._38_TestNGDependOnMethods" name="TestCase_3" time="0.001"/>
  <system-out/>
  <testcase classname="COM.SELENIUM.TOPICS._38_TestNGDependOnMethods" name="TestCase_2" time="0.011"/>
  <system-out/>
  <testcase classname="COM.SELENIUM.TOPICS._38_TestNGDependOnMethods" name="TestCase_1" time="0.001"/>
  <system-out/>
</testsuite> <!-- COM.SELENIUM.TOPICS._38_TestNGDependOnMethods -->
