<?xml version="1.0" encoding="UTF-8"?>
<!-- Generated by org.testng.reporters.JUnitReportReporter -->
<testsuite hostname="LAPTOP-SDLQ3M27" failures="0" tests="1" name="COM.SELENIUM.TOPICS._32_CSSSelector" time="9.902" errors="0" timestamp="2021-01-15T23:09:22 IST" skipped="0">
  <testcase classname="COM.SELENIUM.TOPICS._32_CSSSelector" name="Invoke_Browser" time="9.902"/>
  <system-out/>
</testsuite> <!-- COM.SELENIUM.TOPICS._32_CSSSelector -->
