<?xml version="1.0" encoding="UTF-8"?>
<!-- Generated by org.testng.reporters.JUnitReportReporter -->
<testsuite skipped="9" hostname="LAPTOP-SDLQ3M27" name="COM.SELENIUM.TOPICS._53_SeleniumException" tests="10" failures="0" timestamp="2021-02-12T17:26:37 IST" time="17.927" errors="0">
  <testcase name="TimeoutException" time="17.927" classname="COM.SELENIUM.TOPICS._53_SeleniumException"/>
  <system-out/>
  <testcase name="InvalidSelectorException" classname="COM.SELENIUM.TOPICS._53_SeleniumException">
    <skipped/>
  </testcase> <!-- InvalidSelectorException -->
  <system-out/>
  <testcase name="StaleElementReffrenceException" classname="COM.SELENIUM.TOPICS._53_SeleniumException">
    <skipped/>
  </testcase> <!-- StaleElementReffrenceException -->
  <system-out/>
  <testcase name="ElementNotInteractableException" classname="COM.SELENIUM.TOPICS._53_SeleniumException">
    <skipped/>
  </testcase> <!-- ElementNotInteractableException -->
  <system-out/>
  <testcase name="NoSuchWindowException" classname="COM.SELENIUM.TOPICS._53_SeleniumException">
    <skipped/>
  </testcase> <!-- NoSuchWindowException -->
  <system-out/>
  <testcase name="NoSuchSessionException" classname="COM.SELENIUM.TOPICS._53_SeleniumException">
    <skipped/>
  </testcase> <!-- NoSuchSessionException -->
  <system-out/>
  <testcase name="NoSuchElementException" classname="COM.SELENIUM.TOPICS._53_SeleniumException">
    <skipped/>
  </testcase> <!-- NoSuchElementException -->
  <system-out/>
  <testcase name="NoAlertPresentException" classname="COM.SELENIUM.TOPICS._53_SeleniumException">
    <skipped/>
  </testcase> <!-- NoAlertPresentException -->
  <system-out/>
  <testcase name="NoSuchFrameException" classname="COM.SELENIUM.TOPICS._53_SeleniumException">
    <skipped/>
  </testcase> <!-- NoSuchFrameException -->
  <system-out/>
  <testcase name="ElementNotVisibleException" classname="COM.SELENIUM.TOPICS._53_SeleniumException">
    <skipped/>
  </testcase> <!-- ElementNotVisibleException -->
  <system-out/>
</testsuite> <!-- COM.SELENIUM.TOPICS._53_SeleniumException -->
