<?xml version="1.0" encoding="UTF-8"?>
<!-- Generated by org.testng.reporters.JUnitReportReporter -->
<testsuite skipped="0" hostname="LAPTOP-SDLQ3M27" name="COM.SELENIUM.TOPICS._41_TestNGParameter" tests="1" failures="0" timestamp="2021-02-05T12:36:02 IST" time="7.193" errors="0">
  <testcase name="TestCase_1" time="7.193" classname="COM.SELENIUM.TOPICS._41_TestNGParameter"/>
  <system-out/>
</testsuite> <!-- COM.SELENIUM.TOPICS._41_TestNGParameter -->
