<?xml version="1.0" encoding="UTF-8"?>
<!-- Generated by org.testng.reporters.JUnitReportReporter -->
<testsuite hostname="LAPTOP-SDLQ3M27" failures="0" tests="1" name="COM.SELENIUM.TOPICS._34_WindowHandling" time="11.748" errors="0" timestamp="2021-01-17T15:51:48 IST" skipped="0">
  <testcase classname="COM.SELENIUM.TOPICS._34_WindowHandling" name="Invoke_Browser" time="11.748"/>
  <system-out/>
</testsuite> <!-- COM.SELENIUM.TOPICS._34_WindowHandling -->
