<?xml version="1.0" encoding="UTF-8"?>
<!-- Generated by org.testng.reporters.JUnitReportReporter -->
<testsuite hostname="LAPTOP-SDLQ3M27" failures="0" tests="1" name="COM.SELENIUM.TOPICS._41_TestNGParameter" time="6.360" errors="0" timestamp="2021-01-21T17:27:50 IST" skipped="0">
  <testcase classname="COM.SELENIUM.TOPICS._41_TestNGParameter" name="TestCase_1" time="6.360"/>
  <system-out/>
</testsuite> <!-- COM.SELENIUM.TOPICS._41_TestNGParameter -->
