<?xml version="1.0" encoding="UTF-8"?>
<!-- Generated by org.testng.reporters.JUnitReportReporter -->
<testsuite skipped="0" hostname="LAPTOP-SDLQ3M27" name="COM.SELENIUM.TOPICS._14_NavigateMethod" tests="1" failures="0" timestamp="2021-02-04T13:22:53 IST" time="10.837" errors="0">
  <testcase name="Navigate_Method" time="10.837" classname="COM.SELENIUM.TOPICS._14_NavigateMethod"/>
  <system-out/>
</testsuite> <!-- COM.SELENIUM.TOPICS._14_NavigateMethod -->
