<?xml version="1.0" encoding="UTF-8"?>
<!-- Generated by org.testng.reporters.JUnitReportReporter -->
<testsuite hostname="LAPTOP-SDLQ3M27" failures="0" tests="1" name="COM.SELENIUM.TOPICS._33_GetTableData" time="10.375" errors="0" timestamp="2021-01-19T12:34:41 IST" skipped="0">
  <testcase classname="COM.SELENIUM.TOPICS._33_GetTableData" name="Invoke_Browser" time="10.375"/>
  <system-out/>
</testsuite> <!-- COM.SELENIUM.TOPICS._33_GetTableData -->
