<?xml version="1.0" encoding="UTF-8"?>
<!-- Generated by org.testng.reporters.JUnitReportReporter -->
<testsuite hostname="LAPTOP-SDLQ3M27" failures="0" tests="1" name="COM.SELENIUM.TOPICS.GetPageSource" time="7.343" errors="0" timestamp="2021-01-08T17:51:20 IST" skipped="0">
  <testcase classname="COM.SELENIUM.TOPICS.GetPageSource" name="Get_WebElement_Text" time="7.343"/>
  <system-out/>
</testsuite> <!-- COM.SELENIUM.TOPICS.GetPageSource -->
