<?xml version="1.0" encoding="UTF-8"?>
<!-- Generated by org.testng.reporters.JUnitReportReporter -->
<testsuite skipped="0" hostname="LAPTOP-SDLQ3M27" name="COM.SELENIUM.TOPICS._34_WindowHandling" tests="1" failures="0" timestamp="2021-03-01T00:44:59 IST" time="10.621" errors="0">
  <testcase name="WindowHandling" time="10.621" classname="COM.SELENIUM.TOPICS._34_WindowHandling"/>
  <system-out/>
</testsuite> <!-- COM.SELENIUM.TOPICS._34_WindowHandling -->
