<?xml version="1.0" encoding="UTF-8"?>
<!-- Generated by org.testng.reporters.JUnitReportReporter -->
<testsuite skipped="0" hostname="LAPTOP-SDLQ3M27" name="COM.SELENIUM.TOPICS._3_LaunchURL" tests="1" failures="0" timestamp="2021-02-23T16:18:30 IST" time="3.513" errors="0">
  <testcase name="Launch_URL" time="3.513" classname="COM.SELENIUM.TOPICS._3_LaunchURL"/>
  <system-out/>
</testsuite> <!-- COM.SELENIUM.TOPICS._3_LaunchURL -->
