<?xml version="1.0" encoding="UTF-8"?>
<!-- Generated by org.testng.reporters.JUnitReportReporter -->
<testsuite skipped="0" hostname="LAPTOP-SDLQ3M27" name="COM.SELENIUM.TOPICS._52_TestNGGroups" tests="2" failures="0" timestamp="2021-02-11T15:31:10 IST" time="0.007" errors="0">
  <testcase name="TestCase_2" time="0.001" classname="COM.SELENIUM.TOPICS._52_TestNGGroups"/>
  <system-out/>
  <testcase name="TestCase_1" time="0.006" classname="COM.SELENIUM.TOPICS._52_TestNGGroups"/>
  <system-out/>
</testsuite> <!-- COM.SELENIUM.TOPICS._52_TestNGGroups -->
