<?xml version="1.0" encoding="UTF-8"?>
<!-- Generated by org.testng.reporters.JUnitReportReporter -->
<testsuite skipped="0" hostname="LAPTOP-SDLQ3M27" name="COM.SELENIUM.TOPICS._49_FluentWait" tests="1" failures="0" timestamp="2021-02-08T12:21:43 IST" time="11.299" errors="0">
  <testcase name="Regular" time="11.299" classname="COM.SELENIUM.TOPICS._49_FluentWait"/>
  <system-out/>
</testsuite> <!-- COM.SELENIUM.TOPICS._49_FluentWait -->
