<?xml version="1.0" encoding="UTF-8"?>
<!-- Generated by org.testng.reporters.JUnitReportReporter -->
<testsuite hostname="LAPTOP-SDLQ3M27" failures="0" tests="1" name="COM.SELENIUM.TOPICS.InvokeBrowser" time="3.461" errors="0" timestamp="2021-01-08T14:16:21 IST" skipped="0">
  <testcase classname="COM.SELENIUM.TOPICS.InvokeBrowser" name="Invoke_Browser" time="3.461"/>
  <system-out/>
</testsuite> <!-- COM.SELENIUM.TOPICS.InvokeBrowser -->
