<?xml version="1.0" encoding="UTF-8"?>
<!-- Generated by org.testng.reporters.JUnitReportReporter -->
<testsuite skipped="0" hostname="LAPTOP-SDLQ3M27" name="COM.SELENIUM.TOPICS._38_TestNGDependOnMethods" tests="3" failures="0" timestamp="2021-02-24T12:14:59 IST" time="0.008" errors="0">
  <testcase name="TestCase_1" time="0.001" classname="COM.SELENIUM.TOPICS._38_TestNGDependOnMethods"/>
  <system-out/>
  <testcase name="TestCase_2" time="0.006" classname="COM.SELENIUM.TOPICS._38_TestNGDependOnMethods"/>
  <system-out/>
  <testcase name="TestCase_3" time="0.001" classname="COM.SELENIUM.TOPICS._38_TestNGDependOnMethods"/>
  <system-out/>
</testsuite> <!-- COM.SELENIUM.TOPICS._38_TestNGDependOnMethods -->
