<?xml version="1.0" encoding="UTF-8"?>
<!-- Generated by org.testng.reporters.JUnitReportReporter -->
<testsuite hostname="LAPTOP-SDLQ3M27" failures="0" tests="1" name="COM.SELENIUM.TOPICS.FindElementAndElements" time="9.584" errors="0" timestamp="2021-01-10T16:22:53 IST" skipped="0">
  <testcase classname="COM.SELENIUM.TOPICS.FindElementAndElements" name="FindElement_Elements" time="9.584"/>
  <system-out/>
</testsuite> <!-- COM.SELENIUM.TOPICS.FindElementAndElements -->
