<?xml version="1.0" encoding="UTF-8"?>
<!-- Generated by org.testng.reporters.JUnitReportReporter -->
<testsuite hostname="LAPTOP-SDLQ3M27" failures="0" tests="1" name="COM.SELENIUM.TOPICS.PresenceElement" time="9.208" errors="0" timestamp="2021-01-10T14:06:50 IST" skipped="0">
  <testcase classname="COM.SELENIUM.TOPICS.PresenceElement" name="Presence_Element" time="9.208"/>
  <system-out/>
</testsuite> <!-- COM.SELENIUM.TOPICS.PresenceElement -->
