<?xml version="1.0" encoding="UTF-8"?>
<!-- Generated by org.testng.reporters.JUnitReportReporter -->
<testsuite skipped="0" hostname="LAPTOP-SDLQ3M27" name="COM.SELENIUM.TOPICS._33_GetTableData" tests="1" failures="0" timestamp="2021-02-04T23:05:43 IST" time="11.369" errors="0">
  <testcase name="Invoke_Browser" time="11.369" classname="COM.SELENIUM.TOPICS._33_GetTableData"/>
  <system-out/>
</testsuite> <!-- COM.SELENIUM.TOPICS._33_GetTableData -->
