<?xml version="1.0" encoding="UTF-8"?>
<!-- Generated by org.testng.reporters.JUnitReportReporter -->
<testsuite hostname="LAPTOP-SDLQ3M27" failures="0" tests="1" name="COM.SELENIUM.TOPICS._9_GetCSSValue" time="6.181" errors="0" timestamp="2021-01-11T23:41:38 IST" skipped="0">
  <testcase classname="COM.SELENIUM.TOPICS._9_GetCSSValue" name="Get_WebElement_CSSValue" time="6.181"/>
  <system-out/>
</testsuite> <!-- COM.SELENIUM.TOPICS._9_GetCSSValue -->
