<?xml version="1.0" encoding="UTF-8"?>
<!-- Generated by org.testng.reporters.JUnitReportReporter -->
<testsuite hostname="LAPTOP-SDLQ3M27" failures="0" tests="1" name="COM.SELENIUM.TOPICS.ExplicitWait" time="6.308" errors="0" timestamp="2021-01-08T16:15:37 IST" skipped="0">
  <testcase classname="COM.SELENIUM.TOPICS.ExplicitWait" name="Implicit_Wait" time="6.308"/>
  <system-out/>
</testsuite> <!-- COM.SELENIUM.TOPICS.ExplicitWait -->
