<?xml version="1.0" encoding="UTF-8"?>
<!-- Generated by org.testng.reporters.JUnitReportReporter -->
<testsuite hostname="LAPTOP-SDLQ3M27" failures="0" tests="1" name="COM.SELENIUM.TOPICS.NavigateMethod" time="11.073" errors="0" timestamp="2021-01-08T22:35:36 IST" skipped="0">
  <testcase classname="COM.SELENIUM.TOPICS.NavigateMethod" name="Navigate_Method" time="11.073"/>
  <system-out/>
</testsuite> <!-- COM.SELENIUM.TOPICS.NavigateMethod -->
