<?xml version="1.0" encoding="UTF-8"?>
<!-- Generated by org.testng.reporters.JUnitReportReporter -->
<testsuite hostname="LAPTOP-SDLQ3M27" failures="0" tests="1" name="COM.SELENIUM.TOPICS._12_GetSize" time="8.478" errors="0" timestamp="2021-01-18T19:19:50 IST" skipped="0">
  <testcase classname="COM.SELENIUM.TOPICS._12_GetSize" name="Implicit_Wait" time="8.478"/>
  <system-out/>
</testsuite> <!-- COM.SELENIUM.TOPICS._12_GetSize -->
