<?xml version="1.0" encoding="UTF-8"?>
<!-- Generated by org.testng.reporters.JUnitReportReporter -->
<testsuite hostname="LAPTOP-SDLQ3M27" failures="0" tests="1" name="COM.SELENIUM.TOPICS._21_DropDown" time="17.599" errors="0" timestamp="2021-01-12T23:49:00 IST" skipped="0">
  <testcase classname="COM.SELENIUM.TOPICS._21_DropDown" name="Invoke_Browser" time="17.599"/>
  <system-out/>
</testsuite> <!-- COM.SELENIUM.TOPICS._21_DropDown -->
