<?xml version="1.0" encoding="UTF-8"?>
<!-- Generated by org.testng.reporters.JUnitReportReporter -->
<testsuite hostname="LAPTOP-SDLQ3M27" failures="0" tests="1" name="COM.SELENIUM.TOPICS.GetCurrentURL" time="6.842" errors="0" timestamp="2021-01-08T17:42:00 IST" skipped="0">
  <testcase classname="COM.SELENIUM.TOPICS.GetCurrentURL" name="Get_WebElement_Text" time="6.842"/>
  <system-out/>
</testsuite> <!-- COM.SELENIUM.TOPICS.GetCurrentURL -->
