<?xml version="1.0" encoding="UTF-8"?>
<!-- Generated by org.testng.reporters.JUnitReportReporter -->
<testsuite hostname="LAPTOP-SDLQ3M27" failures="0" tests="1" name="COM.SELENIUM.TOPICS.GetWebElementText" time="6.726" errors="0" timestamp="2021-01-08T17:16:59 IST" skipped="0">
  <testcase classname="COM.SELENIUM.TOPICS.GetWebElementText" name="Launch_URL" time="6.726"/>
  <system-out/>
</testsuite> <!-- COM.SELENIUM.TOPICS.GetWebElementText -->
