<?xml version="1.0" encoding="UTF-8"?>
<!-- Generated by org.testng.reporters.JUnitReportReporter -->
<testsuite skipped="0" hostname="LAPTOP-SDLQ3M27" name="COM.SELENIUM.TOPICS._48_Sorting" tests="3" failures="0" timestamp="2021-02-08T12:48:49 IST" time="6.549" errors="0">
  <testcase name="StreamFilter" time="0.005" classname="COM.SELENIUM.TOPICS._48_Sorting"/>
  <system-out/>
  <testcase name="Regular" time="0.001" classname="COM.SELENIUM.TOPICS._48_Sorting"/>
  <system-out/>
  <testcase name="InSortedOrder" time="6.543" classname="COM.SELENIUM.TOPICS._48_Sorting"/>
  <system-out/>
</testsuite> <!-- COM.SELENIUM.TOPICS._48_Sorting -->
