<?xml version="1.0" encoding="UTF-8"?>
<!-- Generated by org.testng.reporters.JUnitReportReporter -->
<testsuite hostname="LAPTOP-SDLQ3M27" failures="0" tests="6" name="COM.SELENIUM.TOPICS._40_TestNGInvocationCount" time="37.938" errors="0" timestamp="2021-01-20T21:54:31 IST" skipped="0">
  <testcase classname="COM.SELENIUM.TOPICS._40_TestNGInvocationCount" name="TestCase_2" time="6.288"/>
  <system-out/>
  <testcase classname="COM.SELENIUM.TOPICS._40_TestNGInvocationCount" name="TestCase_2" time="5.946"/>
  <system-out/>
  <testcase classname="COM.SELENIUM.TOPICS._40_TestNGInvocationCount" name="TestCase_1" time="6.818"/>
  <system-out/>
  <testcase classname="COM.SELENIUM.TOPICS._40_TestNGInvocationCount" name="TestCase_3" time="6.767"/>
  <system-out/>
  <testcase classname="COM.SELENIUM.TOPICS._40_TestNGInvocationCount" name="TestCase_1" time="5.827"/>
  <system-out/>
  <testcase classname="COM.SELENIUM.TOPICS._40_TestNGInvocationCount" name="TestCase_3" time="6.292"/>
  <system-out/>
</testsuite> <!-- COM.SELENIUM.TOPICS._40_TestNGInvocationCount -->
