<?xml version="1.0" encoding="UTF-8"?>
<!-- Generated by org.testng.reporters.JUnitReportReporter -->
<testsuite skipped="0" hostname="LAPTOP-SDLQ3M27" name="COM.SELENIUM.TOPICS._35_ToolTip" tests="1" failures="0" timestamp="2021-02-05T12:15:52 IST" time="11.427" errors="0">
  <testcase name="ToolTip" time="11.427" classname="COM.SELENIUM.TOPICS._35_ToolTip"/>
  <system-out/>
</testsuite> <!-- COM.SELENIUM.TOPICS._35_ToolTip -->
