<?xml version="1.0" encoding="UTF-8"?>
<!-- Generated by org.testng.reporters.JUnitReportReporter -->
<testsuite hostname="LAPTOP-SDLQ3M27" failures="0" tests="1" name="COM.SELENIUM.TOPICS._30_ChromeOptions" time="6.672" errors="0" timestamp="2021-01-15T18:34:27 IST" skipped="0">
  <testcase classname="COM.SELENIUM.TOPICS._30_ChromeOptions" name="ChromeOptions" time="6.672"/>
  <system-out/>
</testsuite> <!-- COM.SELENIUM.TOPICS._30_ChromeOptions -->
