<?xml version="1.0" encoding="UTF-8"?>
<!-- Generated by org.testng.reporters.JUnitReportReporter -->
<testsuite hostname="LAPTOP-SDLQ3M27" failures="0" tests="1" name="COM.SELENIUM.TOPICS._28_AutoSuggestion" time="10.577" errors="0" timestamp="2021-01-13T14:21:32 IST" skipped="0">
  <testcase classname="COM.SELENIUM.TOPICS._28_AutoSuggestion" name="Auto_Suggestion" time="10.577"/>
  <system-out/>
</testsuite> <!-- COM.SELENIUM.TOPICS._28_AutoSuggestion -->
