<?xml version="1.0" encoding="UTF-8"?>
<!-- Generated by org.testng.reporters.JUnitReportReporter -->
<testsuite skipped="0" hostname="LAPTOP-SDLQ3M27" name="COM.SELENIUM.TOPICS._28_AutoSuggestion" tests="1" failures="0" timestamp="2021-02-04T16:51:25 IST" time="18.578" errors="0">
  <testcase name="Auto_Suggestion" time="18.578" classname="COM.SELENIUM.TOPICS._28_AutoSuggestion"/>
  <system-out/>
</testsuite> <!-- COM.SELENIUM.TOPICS._28_AutoSuggestion -->
