<?xml version="1.0" encoding="UTF-8"?>
<!-- Generated by org.testng.reporters.JUnitReportReporter -->
<testsuite hostname="LAPTOP-SDLQ3M27" failures="0" tests="1" name="COM.SELENIUM.TOPICS.GetSize" time="9.010" errors="0" timestamp="2021-01-10T15:50:57 IST" skipped="0">
  <testcase classname="COM.SELENIUM.TOPICS.GetSize" name="Implicit_Wait" time="9.010"/>
  <system-out/>
</testsuite> <!-- COM.SELENIUM.TOPICS.GetSize -->
