<?xml version="1.0" encoding="UTF-8"?>
<!-- Generated by org.testng.reporters.JUnitReportReporter -->
<testsuite hostname="LAPTOP-SDLQ3M27" failures="0" tests="1" name="COM.SELENIUM.TOPICS.RobotClass" time="17.453" errors="0" timestamp="2021-01-11T14:26:59 IST" skipped="0">
  <testcase classname="COM.SELENIUM.TOPICS.RobotClass" name="Robot_Class" time="17.453"/>
  <system-out/>
</testsuite> <!-- COM.SELENIUM.TOPICS.RobotClass -->
