<?xml version="1.0" encoding="UTF-8"?>
<!-- Generated by org.testng.reporters.JUnitReportReporter -->
<testsuite hostname="LAPTOP-SDLQ3M27" failures="0" tests="3" name="COM.SELENIUM.TOPICS._47_TestNGDataProvider" time="24.252" errors="0" timestamp="2021-01-23T15:31:30 IST" skipped="0">
  <testcase classname="COM.SELENIUM.TOPICS._47_TestNGDataProvider" name="DataProvider" time="7.844"/>
  <system-out/>
  <testcase classname="COM.SELENIUM.TOPICS._47_TestNGDataProvider" name="DataProvider" time="7.757"/>
  <system-out/>
  <testcase classname="COM.SELENIUM.TOPICS._47_TestNGDataProvider" name="DataProvider" time="8.651"/>
  <system-out/>
</testsuite> <!-- COM.SELENIUM.TOPICS._47_TestNGDataProvider -->
