<?xml version="1.0" encoding="UTF-8"?>
<!-- Generated by org.testng.reporters.JUnitReportReporter -->
<testsuite hostname="LAPTOP-SDLQ3M27" failures="0" tests="2" name="COM.SELENIUM.TOPICS._37_TestNGAnnotationSequence" time="0.006" errors="0" timestamp="2021-01-19T22:25:29 IST" skipped="0">
  <testcase classname="COM.SELENIUM.TOPICS._37_TestNGAnnotationSequence" name="Test2" time="0.001"/>
  <system-out/>
  <testcase classname="COM.SELENIUM.TOPICS._37_TestNGAnnotationSequence" name="Test1" time="0.005"/>
  <system-out/>
</testsuite> <!-- COM.SELENIUM.TOPICS._37_TestNGAnnotationSequence -->
