<?xml version="1.0" encoding="UTF-8"?>
<!-- Generated by org.testng.reporters.JUnitReportReporter -->
<testsuite skipped="0" hostname="LAPTOP-SDLQ3M27" name="COM.SELENIUM.TOPICS.Sorting" tests="3" failures="0" timestamp="2021-02-03T11:34:27 IST" time="6.332" errors="0">
  <testcase name="StreamFilter" time="0.003" classname="COM.SELENIUM.TOPICS.Sorting"/>
  <system-out/>
  <testcase name="Regular" time="0.002" classname="COM.SELENIUM.TOPICS.Sorting"/>
  <system-out/>
  <testcase name="InSortedOrder" time="6.327" classname="COM.SELENIUM.TOPICS.Sorting"/>
  <system-out/>
</testsuite> <!-- COM.SELENIUM.TOPICS.Sorting -->
