<?xml version="1.0" encoding="UTF-8"?>
<!-- Generated by org.testng.reporters.JUnitReportReporter -->
<testsuite hostname="LAPTOP-SDLQ3M27" failures="0" tests="1" name="COM.SELENIUM.TOPICS._29_ActionsClass" time="41.636" errors="0" timestamp="2021-01-15T16:10:00 IST" skipped="0">
  <testcase classname="COM.SELENIUM.TOPICS._29_ActionsClass" name="ActionsClass" time="41.636"/>
  <system-out/>
</testsuite> <!-- COM.SELENIUM.TOPICS._29_ActionsClass -->
