<?xml version="1.0" encoding="UTF-8"?>
<!-- Generated by org.testng.reporters.JUnitReportReporter -->
<testsuite hostname="LAPTOP-SDLQ3M27" failures="0" tests="1" name="COM.SELENIUM.TOPICS.LaunchURL" time="4.760" errors="0" timestamp="2021-01-08T14:36:34 IST" skipped="0">
  <testcase classname="COM.SELENIUM.TOPICS.LaunchURL" name="Launch_URL" time="4.760"/>
  <system-out/>
</testsuite> <!-- COM.SELENIUM.TOPICS.LaunchURL -->
