<?xml version="1.0" encoding="UTF-8"?>
<!-- Generated by org.testng.reporters.JUnitReportReporter -->
<testsuite hostname="LAPTOP-SDLQ3M27" failures="0" tests="9" name="COM.SELENIUM.TOPICS._36_TestNGPriorty" time="0.014" errors="0" timestamp="2021-01-23T13:47:50 IST" skipped="2">
  <testcase classname="COM.SELENIUM.TOPICS._36_TestNGPriorty" name="Case_5" time="0.008"/>
  <system-out/>
  <testcase classname="COM.SELENIUM.TOPICS._36_TestNGPriorty" name="Case_6" time="0.001"/>
  <system-out/>
  <testcase classname="COM.SELENIUM.TOPICS._36_TestNGPriorty" name="TestCase_1" time="0.001"/>
  <system-out/>
  <testcase classname="COM.SELENIUM.TOPICS._36_TestNGPriorty" name="TestCase_1" time="0.001"/>
  <system-out/>
  <testcase classname="COM.SELENIUM.TOPICS._36_TestNGPriorty" name="TestCase_2" time="0.002"/>
  <system-out/>
  <testcase classname="COM.SELENIUM.TOPICS._36_TestNGPriorty" name="TestCase_3" time="0.000"/>
  <system-out/>
  <testcase classname="COM.SELENIUM.TOPICS._36_TestNGPriorty" name="TestCase_3" time="0.001"/>
  <system-out/>
  <testcase classname="COM.SELENIUM.TOPICS._36_TestNGPriorty" name="TestCase_4">
    <skipped/>
  </testcase> <!-- TestCase_4 -->
  <system-out/>
  <testcase classname="COM.SELENIUM.TOPICS._36_TestNGPriorty" name="TestCase_4">
    <skipped/>
  </testcase> <!-- TestCase_4 -->
  <system-out/>
</testsuite> <!-- COM.SELENIUM.TOPICS._36_TestNGPriorty -->
