<?xml version="1.0" encoding="UTF-8"?>
<!-- Generated by org.testng.reporters.JUnitReportReporter -->
<testsuite skipped="0" hostname="LAPTOP-SDLQ3M27" name="COM.SELENIUM.TOPICS._8_GetAttribute" tests="1" failures="0" timestamp="2021-02-23T16:49:13 IST" time="6.819" errors="0">
  <testcase name="Get_WebElement_Attribute" time="6.819" classname="COM.SELENIUM.TOPICS._8_GetAttribute"/>
  <system-out/>
</testsuite> <!-- COM.SELENIUM.TOPICS._8_GetAttribute -->
