<?xml version="1.0" encoding="UTF-8"?>
<!-- Generated by org.testng.reporters.JUnitReportReporter -->
<testsuite hostname="LAPTOP-SDLQ3M27" failures="0" tests="1" name="COM.SELENIUM.TOPICS.GetWebElementAttribute" time="7.011" errors="0" timestamp="2021-01-10T19:06:11 IST" skipped="0">
  <testcase classname="COM.SELENIUM.TOPICS.GetWebElementAttribute" name="Get_WebElement_Attribute" time="7.011"/>
  <system-out/>
</testsuite> <!-- COM.SELENIUM.TOPICS.GetWebElementAttribute -->
