<?xml version="1.0" encoding="UTF-8"?>
<!-- Generated by org.testng.reporters.JUnitReportReporter -->
<testsuite skipped="1" hostname="LAPTOP-SDLQ3M27" name="COM.SELENIUM.TOPICS._36_TestNGPriorty" tests="4" failures="0" timestamp="2021-02-25T18:08:42 IST" time="0.006" errors="0">
  <testcase name="TestCase_1" time="0.003" classname="COM.SELENIUM.TOPICS._36_TestNGPriorty"/>
  <system-out/>
  <testcase name="TestCase_2" time="0.001" classname="COM.SELENIUM.TOPICS._36_TestNGPriorty"/>
  <system-out/>
  <testcase name="TestCase_3" time="0.002" classname="COM.SELENIUM.TOPICS._36_TestNGPriorty"/>
  <system-out/>
  <testcase name="TestCase_4" classname="COM.SELENIUM.TOPICS._36_TestNGPriorty">
    <skipped/>
  </testcase> <!-- TestCase_4 -->
  <system-out/>
</testsuite> <!-- COM.SELENIUM.TOPICS._36_TestNGPriorty -->
