<?xml version="1.0" encoding="UTF-8"?>
<!-- Generated by org.testng.reporters.JUnitReportReporter -->
<testsuite skipped="0" hostname="LAPTOP-SDLQ3M27" name="COM.SELENIUM.TOPICS.Practice" tests="1" failures="0" timestamp="2021-02-25T11:14:55 IST" time="20.935" errors="0">
  <testcase name="browser" time="20.935" classname="COM.SELENIUM.TOPICS.Practice"/>
  <system-out/>
</testsuite> <!-- COM.SELENIUM.TOPICS.Practice -->
