<?xml version="1.0" encoding="UTF-8"?>
<!-- Generated by org.testng.reporters.JUnitReportReporter -->
<testsuite skipped="0" hostname="LAPTOP-SDLQ3M27" name="COM.SELENIUM.TOPICS._13_GetTagName" tests="1" failures="0" timestamp="2021-02-04T13:17:15 IST" time="6.365" errors="0">
  <testcase name="Get_WebElement_TagName" time="6.365" classname="COM.SELENIUM.TOPICS._13_GetTagName"/>
  <system-out/>
</testsuite> <!-- COM.SELENIUM.TOPICS._13_GetTagName -->
