<?xml version="1.0" encoding="UTF-8"?>
<!-- Generated by org.testng.reporters.JUnitReportReporter -->
<testsuite hostname="LAPTOP-SDLQ3M27" failures="0" tests="1" name="COM.SELENIUM.TOPICS.GetCSSValue" time="7.968" errors="0" timestamp="2021-01-10T18:17:01 IST" skipped="0">
  <testcase classname="COM.SELENIUM.TOPICS.GetCSSValue" name="Get_WebElement_CSSValue" time="7.968"/>
  <system-out/>
</testsuite> <!-- COM.SELENIUM.TOPICS.GetCSSValue -->
