<?xml version="1.0" encoding="UTF-8"?>
<!-- Generated by org.testng.reporters.JUnitReportReporter -->
<testsuite hostname="LAPTOP-SDLQ3M27" failures="0" tests="1" name="COM.SELENIUM.TOPICS.GetTitle" time="6.267" errors="0" timestamp="2021-01-08T17:46:38 IST" skipped="0">
  <testcase classname="COM.SELENIUM.TOPICS.GetTitle" name="Get_WebElement_Text" time="6.267"/>
  <system-out/>
</testsuite> <!-- COM.SELENIUM.TOPICS.GetTitle -->
