<?xml version="1.0" encoding="UTF-8"?>
<!-- Generated by org.testng.reporters.JUnitReportReporter -->
<testsuite hostname="LAPTOP-SDLQ3M27" failures="0" tests="1" name="COM.SELENIUM.TOPICS.FrameHandling" time="10.311" errors="0" timestamp="2021-01-11T13:16:32 IST" skipped="0">
  <testcase classname="COM.SELENIUM.TOPICS.FrameHandling" name="Implicit_Wait" time="10.311"/>
  <system-out/>
</testsuite> <!-- COM.SELENIUM.TOPICS.FrameHandling -->
