<?xml version="1.0" encoding="UTF-8"?>
<!-- Generated by org.testng.reporters.JUnitReportReporter -->
<testsuite skipped="0" hostname="LAPTOP-SDLQ3M27" name="COM.SELENIUM.TOPICS._24_LinksCount" tests="1" failures="0" timestamp="2021-02-04T15:51:57 IST" time="10.025" errors="0">
  <testcase name="Links_Count" time="10.025" classname="COM.SELENIUM.TOPICS._24_LinksCount"/>
  <system-out/>
</testsuite> <!-- COM.SELENIUM.TOPICS._24_LinksCount -->
